<?xml version="1.0" encoding="UTF-8"?>
<!-- Generated by org.testng.reporters.JUnitReportReporter -->
<testsuite hostname="DESKTOP-R8CC41F" name="Demo.Framework.Homepage" tests="1" failures="0" timestamp="9 Mar 2021 13:59:01 GMT" time="0.453" errors="0">
  <testcase name="Homepage" time="0.453" classname="Demo.Framework.Homepage"/>
</testsuite> <!-- Demo.Framework.Homepage -->
