<?xml version="1.0" encoding="UTF-8"?>
<!-- Generated by org.testng.reporters.JUnitReportReporter -->
<testsuite hostname="DESKTOP-R8CC41F" name="Academy.E2EProject.ValidateNavbar" tests="1" failures="0" timestamp="6 Mar 2021 10:47:59 GMT" time="0.126" errors="0">
  <testcase name="basepageNavigation" time="0.126" classname="Academy.E2EProject.ValidateNavbar"/>
</testsuite> <!-- Academy.E2EProject.ValidateNavbar -->
