<?xml version="1.0" encoding="UTF-8"?>
<!-- Generated by org.testng.reporters.JUnitReportReporter -->
<testsuite hostname="DESKTOP-R8CC41F" name="Academy.E2EProject.ValidateTest" tests="1" failures="0" timestamp="6 Mar 2021 10:48:00 GMT" time="0.051" errors="0">
  <testcase name="basepageNavigation" time="0.051" classname="Academy.E2EProject.ValidateTest"/>
</testsuite> <!-- Academy.E2EProject.ValidateTest -->
