<?xml version="1.0" encoding="UTF-8"?>
<!-- Generated by org.testng.reporters.JUnitReportReporter -->
<testsuite hostname="DESKTOP-R8CC41F" name="Academy.E2EProject.Homepage" tests="2" failures="0" timestamp="6 Mar 2021 10:56:56 GMT" time="22.091" errors="0">
  <testcase name="basepageNavigation" time="10.980" classname="Academy.E2EProject.Homepage"/>
  <testcase name="basepageNavigation" time="11.111" classname="Academy.E2EProject.Homepage"/>
</testsuite> <!-- Academy.E2EProject.Homepage -->
