<?xml version="1.0" encoding="UTF-8"?>
<!-- Generated by org.testng.reporters.JUnitReportReporter -->
<testsuite skipped="0" hostname="DESKTOP-R8CC41F" name="ExtentReport.Tutorial.ExtentReportDemo" tests="1" failures="0" timestamp="2020-12-29T07:24:47 IST" time="11.451" errors="0">
  <testcase name="InitialDemo" time="11.451" classname="ExtentReport.Tutorial.ExtentReportDemo"/>
  <system-out/>
</testsuite> <!-- ExtentReport.Tutorial.ExtentReportDemo -->
