<?xml version="1.0" encoding="UTF-8"?>
<!-- Generated by org.testng.reporters.JUnitReportReporter -->
<testsuite hostname="DESKTOP-R8CC41F" name="TestCases.LoginHomepage" tests="1" failures="0" timestamp="22 Feb 2021 10:20:44 GMT" time="19.736" errors="0">
  <testcase name="Login" time="19.736" classname="TestCases.LoginHomepage"/>
</testsuite> <!-- TestCases.LoginHomepage -->
