<?xml version="1.0" encoding="UTF-8"?>
<!-- Generated by org.testng.reporters.JUnitReportReporter -->
<testsuite skipped="0" hostname="DESKTOP-R8CC41F" name="TestNGStart.Day3Test" tests="5" failures="0" timestamp="2020-12-27T07:53:31 IST" time="0.008" errors="0">
  <testcase name="HomeLoanApproval" time="0.000" classname="TestNGStart.Day3Test"/>
  <system-out/>
  <testcase name="HomeLoanCredited" time="0.000" classname="TestNGStart.Day3Test"/>
  <system-out/>
  <testcase name="group2" time="0.000" classname="TestNGStart.Day3Test"/>
  <system-out/>
  <testcase name="HomeLoan" time="0.000" classname="TestNGStart.Day3Test"/>
  <system-out/>
  <testcase name="HomeLoanInitiated" time="0.008" classname="TestNGStart.Day3Test"/>
  <system-out/>
</testsuite> <!-- TestNGStart.Day3Test -->
