<?xml version="1.0" encoding="UTF-8"?>
<!-- Generated by org.testng.reporters.JUnitReportReporter -->
<testsuite skipped="0" hostname="DESKTOP-R8CC41F" name="TestNGStart.Day1Test" tests="4" failures="0" timestamp="2021-02-18T18:46:12 IST" time="0.020" errors="0">
  <testcase name="demo" time="0.003" classname="TestNGStart.Day1Test"/>
  <system-out/>
  <testcase name="WebAutomation" time="0.002" classname="TestNGStart.Day1Test"/>
  <system-out/>
  <testcase name="MobileAutomation" time="0.011" classname="TestNGStart.Day1Test"/>
  <system-out/>
  <testcase name="RestAPIAutomation" time="0.004" classname="TestNGStart.Day1Test"/>
  <system-out/>
</testsuite> <!-- TestNGStart.Day1Test -->
