<?xml version="1.0" encoding="UTF-8"?>
<!-- Generated by org.testng.reporters.JUnitReportReporter -->
<testsuite skipped="0" hostname="DESKTOP-R8CC41F" name="TestNGStart.Day2Test" tests="4" failures="0" timestamp="2020-12-27T07:53:31 IST" time="0.011" errors="0">
  <testcase name="PersonalLoan" time="0.000" classname="TestNGStart.Day2Test"/>
  <system-out/>
  <testcase name="PersonalLoanLogin" time="0.000" classname="TestNGStart.Day2Test"/>
  <system-out/>
  <testcase name="PersonalLoanApproval" time="0.011" classname="TestNGStart.Day2Test"/>
  <system-out/>
  <testcase name="groups1" time="0.000" classname="TestNGStart.Day2Test"/>
  <system-out/>
</testsuite> <!-- TestNGStart.Day2Test -->
