<?xml version="1.0" encoding="UTF-8"?>
<!-- Generated by org.testng.reporters.JUnitReportReporter -->
<testsuite skipped="0" hostname="DESKTOP-R8CC41F" name="TestNGStart.Day4Test" tests="5" failures="0" timestamp="2020-12-27T07:53:31 IST" time="0.011" errors="0">
  <testcase name="group3" time="0.000" classname="TestNGStart.Day4Test"/>
  <system-out/>
  <testcase name="CarLoangranted" time="0.011" classname="TestNGStart.Day4Test"/>
  <system-out/>
  <testcase name="CarLoanLogin" time="0.000" classname="TestNGStart.Day4Test"/>
  <system-out/>
  <testcase name="CarLoanApproval" time="0.000" classname="TestNGStart.Day4Test"/>
  <system-out/>
  <testcase name="CarLoanApply" time="0.000" classname="TestNGStart.Day4Test"/>
  <system-out/>
</testsuite> <!-- TestNGStart.Day4Test -->
