<?xml version="1.0" encoding="UTF-8"?>
<!-- Generated by org.testng.reporters.JUnitReportReporter -->
<testsuite hostname="DESKTOP-R8CC41F" name="Aryaved.MavenDemo.RestAssuredTest" tests="2" failures="0" timestamp="28 Dec 2020 08:54:01 GMT" time="0.001" errors="0">
  <testcase name="APITesting" time="0.001" classname="Aryaved.MavenDemo.RestAssuredTest"/>
  <testcase name="Restassured" time="0.000" classname="Aryaved.MavenDemo.RestAssuredTest"/>
</testsuite> <!-- Aryaved.MavenDemo.RestAssuredTest -->
