<?xml version="1.0" encoding="UTF-8"?>
<!-- Generated by org.testng.reporters.JUnitReportReporter -->
<testsuite skipped="0" hostname="DESKTOP-R8CC41F" name="RestAssuredAPI.SumValidation" tests="1" failures="0" timestamp="2021-06-06T18:47:42 IST" time="2.440" errors="0">
  <testcase name="sumofCourses" time="2.440" classname="RestAssuredAPI.SumValidation"/>
  <system-out/>
</testsuite> <!-- RestAssuredAPI.SumValidation -->
